2025-12-26 14:52:28 INFO  [restartedMain] c.l.LakshmiGarmentsApplication - Starting LakshmiGarmentsApplication using Java 17.0.17 with PID 22732 (C:\Users\KEX1COB\Desktop\PERSONAL\LG\lakshmi-garments-backend\target\classes started by KEX1COB in C:\Users\KEX1COB\Desktop\PERSONAL\LG\lakshmi-garments-backend)
2025-12-26 14:52:28 INFO  [restartedMain] c.l.LakshmiGarmentsApplication - No active profile set, falling back to 1 default profile: "default"
2025-12-26 14:52:28 INFO  [restartedMain] o.s.b.d.e.DevToolsPropertyDefaultsPostProcessor - Devtools property defaults active! Set 'spring.devtools.add-properties' to 'false' to disable
2025-12-26 14:52:28 INFO  [restartedMain] o.s.b.d.e.DevToolsPropertyDefaultsPostProcessor - For additional web related logging consider setting the 'logging.level.web' property to 'DEBUG'
2025-12-26 14:52:30 INFO  [restartedMain] o.s.d.r.c.RepositoryConfigurationDelegate - Bootstrapping Spring Data JPA repositories in DEFAULT mode.
2025-12-26 14:52:30 INFO  [restartedMain] o.s.d.r.c.RepositoryConfigurationDelegate - Finished Spring Data repository scanning in 69 ms. Found 20 JPA repository interfaces.
2025-12-26 14:52:30 INFO  [restartedMain] o.s.b.w.e.tomcat.TomcatWebServer - Tomcat initialized with port 8080 (http)
2025-12-26 14:52:30 INFO  [restartedMain] o.a.catalina.core.StandardService - Starting service [Tomcat]
2025-12-26 14:52:30 INFO  [restartedMain] o.a.catalina.core.StandardEngine - Starting Servlet engine: [Apache Tomcat/10.1.34]
2025-12-26 14:52:30 INFO  [restartedMain] o.a.c.c.C.[Tomcat].[localhost].[/] - Initializing Spring embedded WebApplicationContext
2025-12-26 14:52:30 INFO  [restartedMain] o.s.b.w.s.c.ServletWebServerApplicationContext - Root WebApplicationContext: initialization completed in 2803 ms
2025-12-26 14:52:31 INFO  [restartedMain] o.h.jpa.internal.util.LogHelper - HHH000204: Processing PersistenceUnitInfo [name: default]
2025-12-26 14:52:31 INFO  [restartedMain] org.hibernate.Version - HHH000412: Hibernate ORM core version 6.6.4.Final
2025-12-26 14:52:31 INFO  [restartedMain] o.h.c.i.RegionFactoryInitiator - HHH000026: Second-level cache disabled
2025-12-26 14:52:31 INFO  [restartedMain] o.s.o.j.p.SpringPersistenceUnitInfo - No LoadTimeWeaver setup: ignoring JPA class transformer
2025-12-26 14:52:31 INFO  [restartedMain] com.zaxxer.hikari.HikariDataSource - HikariPool-1 - Starting...
2025-12-26 14:52:31 INFO  [restartedMain] com.zaxxer.hikari.pool.HikariPool - HikariPool-1 - Added connection com.mysql.cj.jdbc.ConnectionImpl@53b1e1b4
2025-12-26 14:52:31 INFO  [restartedMain] com.zaxxer.hikari.HikariDataSource - HikariPool-1 - Start completed.
2025-12-26 14:52:31 WARN  [restartedMain] org.hibernate.orm.deprecation - HHH90000025: MySQL8Dialect does not need to be specified explicitly using 'hibernate.dialect' (remove the property setting and it will be selected by default)
2025-12-26 14:52:31 WARN  [restartedMain] org.hibernate.orm.deprecation - HHH90000026: MySQL8Dialect has been deprecated; use org.hibernate.dialect.MySQLDialect instead
2025-12-26 14:52:31 INFO  [restartedMain] o.hibernate.orm.connections.pooling - HHH10001005: Database info:
	Database JDBC URL [Connecting through datasource 'HikariDataSource (HikariPool-1)']
	Database driver: undefined/unknown
	Database version: 8.0
	Autocommit mode: undefined/unknown
	Isolation level: undefined/unknown
	Minimum pool size: undefined/unknown
	Maximum pool size: undefined/unknown
2025-12-26 14:52:32 INFO  [restartedMain] o.h.e.t.j.p.i.JtaPlatformInitiator - HHH000489: No JTA platform available (set 'hibernate.transaction.jta.platform' to enable JTA platform integration)
2025-12-26 14:52:32 INFO  [restartedMain] o.s.o.j.LocalContainerEntityManagerFactoryBean - Initialized JPA EntityManagerFactory for persistence unit 'default'
2025-12-26 14:52:32 INFO  [restartedMain] o.s.d.j.r.query.QueryEnhancerFactory - Hibernate is in classpath; If applicable, HQL parser will be used.
2025-12-26 14:52:34 WARN  [restartedMain] o.s.b.a.o.j.JpaBaseConfiguration$JpaWebConfiguration - spring.jpa.open-in-view is enabled by default. Therefore, database queries may be performed during view rendering. Explicitly configure spring.jpa.open-in-view to disable this warning
2025-12-26 14:52:34 INFO  [restartedMain] o.s.b.d.a.OptionalLiveReloadServer - LiveReload server is running on port 35729
2025-12-26 14:52:34 INFO  [restartedMain] o.s.b.w.e.tomcat.TomcatWebServer - Tomcat started on port 8080 (http) with context path '/'
2025-12-26 14:52:34 INFO  [restartedMain] c.l.LakshmiGarmentsApplication - Started LakshmiGarmentsApplication in 6.719 seconds (process running for 7.195)
2025-12-26 14:53:16 INFO  [http-nio-8080-exec-1] o.a.c.c.C.[Tomcat].[localhost].[/] - Initializing Spring DispatcherServlet 'dispatcherServlet'
2025-12-26 14:53:16 INFO  [http-nio-8080-exec-1] o.s.web.servlet.DispatcherServlet - Initializing Servlet 'dispatcherServlet'
2025-12-26 14:53:16 INFO  [http-nio-8080-exec-1] o.s.web.servlet.DispatcherServlet - Completed initialization in 1 ms
2025-12-26 14:53:19 INFO  [http-nio-8080-exec-4] c.l.controller.TransportController - Received request to fetch all transports with search: null
2025-12-26 14:53:19 INFO  [http-nio-8080-exec-5] c.l.controller.CategoryController - Received request to fetch all categories with search: null
2025-12-26 14:53:19 INFO  [http-nio-8080-exec-3] c.l.controller.SupplierController - Received request to fetch all suppliers with search: null
2025-12-26 14:53:19 INFO  [http-nio-8080-exec-6] c.l.controller.SubCategoryController - Received request to fetch all sub categories with search: null
2025-12-26 14:53:19 INFO  [http-nio-8080-exec-5] c.l.controller.CategoryController - Returning 3 category(s)
2025-12-26 14:53:19 INFO  [http-nio-8080-exec-6] c.l.controller.SubCategoryController - Returning 3 sub category(s)
2025-12-26 14:53:19 INFO  [http-nio-8080-exec-4] c.l.controller.TransportController - Returning 7 transport(s)
2025-12-26 14:53:19 INFO  [http-nio-8080-exec-3] c.l.controller.SupplierController - Returning 8 supplier(s)
2025-12-26 14:53:19 INFO  [http-nio-8080-exec-8] c.l.controller.CategoryController - Received request to fetch all categories with search: null
2025-12-26 14:53:19 INFO  [http-nio-8080-exec-9] c.l.controller.SubCategoryController - Received request to fetch all sub categories with search: null
2025-12-26 14:53:19 INFO  [http-nio-8080-exec-7] c.l.controller.SupplierController - Received request to fetch all suppliers with search: null
2025-12-26 14:53:19 INFO  [http-nio-8080-exec-10] c.l.controller.TransportController - Received request to fetch all transports with search: null
2025-12-26 14:53:19 INFO  [http-nio-8080-exec-9] c.l.controller.SubCategoryController - Returning 3 sub category(s)
2025-12-26 14:53:19 INFO  [http-nio-8080-exec-8] c.l.controller.CategoryController - Returning 3 category(s)
2025-12-26 14:53:19 INFO  [http-nio-8080-exec-10] c.l.controller.TransportController - Returning 7 transport(s)
2025-12-26 14:53:19 INFO  [http-nio-8080-exec-7] c.l.controller.SupplierController - Returning 8 supplier(s)
2025-12-26 14:53:32 WARN  [http-nio-8080-exec-1] o.s.d.w.c.SpringDataJacksonConfiguration$PageModule$WarningLoggingModifier - Serializing PageImpl instances as-is is not supported, meaning that there is no guarantee about the stability of the resulting JSON structure!
	For a stable JSON structure, please use Spring Data's PagedModel (globally via @EnableSpringDataWebSupport(pageSerializationMode = VIA_DTO))
	or Spring HATEOAS and Spring Data's PagedResourcesAssembler as documented in https://docs.spring.io/spring-data/commons/reference/repositories/core-extensions.html#core.web.pageables.

2025-12-26 14:53:36 INFO  [http-nio-8080-exec-5] c.l.controller.TransportController - Received request to fetch all transports with search: null
2025-12-26 14:53:36 INFO  [http-nio-8080-exec-6] c.l.controller.SupplierController - Received request to fetch all suppliers with search: null
2025-12-26 14:53:36 INFO  [http-nio-8080-exec-6] c.l.controller.SupplierController - Returning 8 supplier(s)
2025-12-26 14:53:36 INFO  [http-nio-8080-exec-5] c.l.controller.TransportController - Returning 7 transport(s)
2025-12-26 14:53:40 INFO  [http-nio-8080-exec-10] c.l.controller.SubCategoryController - Received request to fetch all sub categories with search: null
2025-12-26 14:53:40 INFO  [http-nio-8080-exec-3] c.l.controller.TransportController - Received request to fetch all transports with search: null
2025-12-26 14:53:40 INFO  [http-nio-8080-exec-9] c.l.controller.CategoryController - Received request to fetch all categories with search: null
2025-12-26 14:53:40 INFO  [http-nio-8080-exec-4] c.l.controller.SupplierController - Received request to fetch all suppliers with search: null
2025-12-26 14:53:40 INFO  [http-nio-8080-exec-9] c.l.controller.CategoryController - Returning 3 category(s)
2025-12-26 14:53:40 INFO  [http-nio-8080-exec-10] c.l.controller.SubCategoryController - Returning 3 sub category(s)
2025-12-26 14:53:40 INFO  [http-nio-8080-exec-3] c.l.controller.TransportController - Returning 7 transport(s)
2025-12-26 14:53:40 INFO  [http-nio-8080-exec-4] c.l.controller.SupplierController - Returning 8 supplier(s)
2025-12-26 14:53:40 INFO  [http-nio-8080-exec-1] c.l.controller.TransportController - Received request to fetch all transports with search: null
2025-12-26 14:53:40 INFO  [http-nio-8080-exec-7] c.l.controller.SubCategoryController - Received request to fetch all sub categories with search: null
2025-12-26 14:53:40 INFO  [http-nio-8080-exec-2] c.l.controller.SupplierController - Received request to fetch all suppliers with search: null
2025-12-26 14:53:40 INFO  [http-nio-8080-exec-8] c.l.controller.CategoryController - Received request to fetch all categories with search: null
2025-12-26 14:53:40 INFO  [http-nio-8080-exec-7] c.l.controller.SubCategoryController - Returning 3 sub category(s)
2025-12-26 14:53:40 INFO  [http-nio-8080-exec-1] c.l.controller.TransportController - Returning 7 transport(s)
2025-12-26 14:53:40 INFO  [http-nio-8080-exec-8] c.l.controller.CategoryController - Returning 3 category(s)
2025-12-26 14:53:40 INFO  [http-nio-8080-exec-2] c.l.controller.SupplierController - Returning 8 supplier(s)
2025-12-26 14:53:42 INFO  [http-nio-8080-exec-6] c.l.c.MaterialLedgerController - Received request to fetch category and subcategory counts.
2025-12-26 14:53:42 INFO  [http-nio-8080-exec-6] c.l.s.impl.MaterialLedgerServiceImpl - Fetching category and subcategory counts from inventory.
2025-12-26 14:53:42 INFO  [http-nio-8080-exec-6] c.l.s.impl.MaterialLedgerServiceImpl - Returning 1 category DTOs
2025-12-26 14:53:42 INFO  [http-nio-8080-exec-5] c.l.c.MaterialLedgerController - Received request to fetch category and subcategory counts.
2025-12-26 14:53:42 INFO  [http-nio-8080-exec-5] c.l.s.impl.MaterialLedgerServiceImpl - Fetching category and subcategory counts from inventory.
2025-12-26 14:53:42 INFO  [http-nio-8080-exec-5] c.l.s.impl.MaterialLedgerServiceImpl - Returning 1 category DTOs
2025-12-26 14:53:43 INFO  [http-nio-8080-exec-9] c.l.controller.IDController - Retrieve batch serial code
2025-12-26 14:53:46 INFO  [http-nio-8080-exec-4] c.l.controller.BatchController - Received request to get all batches
2025-12-26 14:53:46 INFO  [http-nio-8080-exec-4] c.l.controller.BatchController - Found 9 batches
2025-12-26 14:53:46 INFO  [http-nio-8080-exec-10] c.l.controller.BatchController - Received request to get all batches
2025-12-26 14:53:46 INFO  [http-nio-8080-exec-10] c.l.controller.BatchController - Found 9 batches
2025-12-26 14:53:48 INFO  [http-nio-8080-exec-3] c.l.controller.EmployeeController - Received request to get all employees
2025-12-26 14:53:48 ERROR [http-nio-8080-exec-8] o.a.c.c.C.[.[.[.[dispatcherServlet] - Servlet.service() for servlet [dispatcherServlet] in context with path [] threw exception [Request processing failed: org.springframework.data.mapping.PropertyReferenceException: No property 'startedAt' found for type 'Jobwork'] with root cause
org.springframework.data.mapping.PropertyReferenceException: No property 'startedAt' found for type 'Jobwork'
	at org.springframework.data.mapping.PropertyPath.<init>(PropertyPath.java:94)
	at org.springframework.data.mapping.PropertyPath.create(PropertyPath.java:455)
	at org.springframework.data.mapping.PropertyPath.create(PropertyPath.java:431)
	at org.springframework.data.mapping.PropertyPath.lambda$from$0(PropertyPath.java:384)
	at java.base/java.util.concurrent.ConcurrentMap.computeIfAbsent(ConcurrentMap.java:330)
	at org.springframework.data.mapping.PropertyPath.from(PropertyPath.java:366)
	at org.springframework.data.mapping.PropertyPath.from(PropertyPath.java:344)
	at org.springframework.data.jpa.repository.query.QueryUtils.toJpaOrder(QueryUtils.java:753)
	at org.springframework.data.jpa.repository.query.QueryUtils.toOrders(QueryUtils.java:706)
	at org.springframework.data.jpa.repository.support.SimpleJpaRepository.getQuery(SimpleJpaRepository.java:760)
	at org.springframework.data.jpa.repository.support.SimpleJpaRepository.getQuery(SimpleJpaRepository.java:718)
	at org.springframework.data.jpa.repository.support.SimpleJpaRepository.findAll(SimpleJpaRepository.java:452)
	at org.springframework.data.jpa.repository.support.SimpleJpaRepository.findAll(SimpleJpaRepository.java:431)
	at java.base/jdk.internal.reflect.NativeMethodAccessorImpl.invoke0(Native Method)
	at java.base/jdk.internal.reflect.NativeMethodAccessorImpl.invoke(NativeMethodAccessorImpl.java:77)
	at java.base/jdk.internal.reflect.DelegatingMethodAccessorImpl.invoke(DelegatingMethodAccessorImpl.java:43)
	at java.base/java.lang.reflect.Method.invoke(Method.java:568)
	at org.springframework.aop.support.AopUtils.invokeJoinpointUsingReflection(AopUtils.java:359)
	at org.springframework.data.repository.core.support.RepositoryMethodInvoker$RepositoryFragmentMethodInvoker.lambda$new$0(RepositoryMethodInvoker.java:277)
	at org.springframework.data.repository.core.support.RepositoryMethodInvoker.doInvoke(RepositoryMethodInvoker.java:170)
	at org.springframework.data.repository.core.support.RepositoryMethodInvoker.invoke(RepositoryMethodInvoker.java:158)
	at org.springframework.data.repository.core.support.RepositoryComposition$RepositoryFragments.invoke(RepositoryComposition.java:515)
	at org.springframework.data.repository.core.support.RepositoryComposition.invoke(RepositoryComposition.java:284)
	at org.springframework.data.repository.core.support.RepositoryFactorySupport$ImplementationMethodExecutionInterceptor.invoke(RepositoryFactorySupport.java:752)
	at org.springframework.aop.framework.ReflectiveMethodInvocation.proceed(ReflectiveMethodInvocation.java:184)
	at org.springframework.data.repository.core.support.QueryExecutorMethodInterceptor.doInvoke(QueryExecutorMethodInterceptor.java:174)
	at org.springframework.data.repository.core.support.QueryExecutorMethodInterceptor.invoke(QueryExecutorMethodInterceptor.java:149)
	at org.springframework.aop.framework.ReflectiveMethodInvocation.proceed(ReflectiveMethodInvocation.java:184)
	at org.springframework.data.projection.DefaultMethodInvokingMethodInterceptor.invoke(DefaultMethodInvokingMethodInterceptor.java:69)
	at org.springframework.aop.framework.ReflectiveMethodInvocation.proceed(ReflectiveMethodInvocation.java:184)
	at org.springframework.transaction.interceptor.TransactionAspectSupport.invokeWithinTransaction(TransactionAspectSupport.java:380)
	at org.springframework.transaction.interceptor.TransactionInterceptor.invoke(TransactionInterceptor.java:119)
	at org.springframework.aop.framework.ReflectiveMethodInvocation.proceed(ReflectiveMethodInvocation.java:184)
	at org.springframework.dao.support.PersistenceExceptionTranslationInterceptor.invoke(PersistenceExceptionTranslationInterceptor.java:138)
	at org.springframework.aop.framework.ReflectiveMethodInvocation.proceed(ReflectiveMethodInvocation.java:184)
	at org.springframework.data.jpa.repository.support.CrudMethodMetadataPostProcessor$CrudMethodMetadataPopulatingMethodInterceptor.invoke(CrudMethodMetadataPostProcessor.java:165)
	at org.springframework.aop.framework.ReflectiveMethodInvocation.proceed(ReflectiveMethodInvocation.java:184)
	at org.springframework.aop.framework.JdkDynamicAopProxy.invoke(JdkDynamicAopProxy.java:223)
	at jdk.proxy4/jdk.proxy4.$Proxy146.findAll(Unknown Source)
	at com.lakshmigarments.service.impl.JobworkServiceImpl.getAllJobworks(JobworkServiceImpl.java:56)
	at com.lakshmigarments.controller.JobworkController.getAllJobworks(JobworkController.java:42)
	at java.base/jdk.internal.reflect.NativeMethodAccessorImpl.invoke0(Native Method)
	at java.base/jdk.internal.reflect.NativeMethodAccessorImpl.invoke(NativeMethodAccessorImpl.java:77)
	at java.base/jdk.internal.reflect.DelegatingMethodAccessorImpl.invoke(DelegatingMethodAccessorImpl.java:43)
	at java.base/java.lang.reflect.Method.invoke(Method.java:568)
	at org.springframework.web.method.support.InvocableHandlerMethod.doInvoke(InvocableHandlerMethod.java:257)
	at org.springframework.web.method.support.InvocableHandlerMethod.invokeForRequest(InvocableHandlerMethod.java:190)
	at org.springframework.web.servlet.mvc.method.annotation.ServletInvocableHandlerMethod.invokeAndHandle(ServletInvocableHandlerMethod.java:118)
	at org.springframework.web.servlet.mvc.method.annotation.RequestMappingHandlerAdapter.invokeHandlerMethod(RequestMappingHandlerAdapter.java:986)
	at org.springframework.web.servlet.mvc.method.annotation.RequestMappingHandlerAdapter.handleInternal(RequestMappingHandlerAdapter.java:891)
	at org.springframework.web.servlet.mvc.method.AbstractHandlerMethodAdapter.handle(AbstractHandlerMethodAdapter.java:87)
	at org.springframework.web.servlet.DispatcherServlet.doDispatch(DispatcherServlet.java:1088)
	at org.springframework.web.servlet.DispatcherServlet.doService(DispatcherServlet.java:978)
	at org.springframework.web.servlet.FrameworkServlet.processRequest(FrameworkServlet.java:1014)
	at org.springframework.web.servlet.FrameworkServlet.doGet(FrameworkServlet.java:903)
	at jakarta.servlet.http.HttpServlet.service(HttpServlet.java:564)
	at org.springframework.web.servlet.FrameworkServlet.service(FrameworkServlet.java:885)
	at jakarta.servlet.http.HttpServlet.service(HttpServlet.java:658)
	at org.apache.catalina.core.ApplicationFilterChain.internalDoFilter(ApplicationFilterChain.java:195)
	at org.apache.catalina.core.ApplicationFilterChain.doFilter(ApplicationFilterChain.java:140)
	at org.apache.tomcat.websocket.server.WsFilter.doFilter(WsFilter.java:51)
	at org.apache.catalina.core.ApplicationFilterChain.internalDoFilter(ApplicationFilterChain.java:164)
	at org.apache.catalina.core.ApplicationFilterChain.doFilter(ApplicationFilterChain.java:140)
	at org.springframework.web.filter.RequestContextFilter.doFilterInternal(RequestContextFilter.java:100)
	at org.springframework.web.filter.OncePerRequestFilter.doFilter(OncePerRequestFilter.java:116)
	at org.apache.catalina.core.ApplicationFilterChain.internalDoFilter(ApplicationFilterChain.java:164)
	at org.apache.catalina.core.ApplicationFilterChain.doFilter(ApplicationFilterChain.java:140)
	at org.springframework.web.filter.FormContentFilter.doFilterInternal(FormContentFilter.java:93)
	at org.springframework.web.filter.OncePerRequestFilter.doFilter(OncePerRequestFilter.java:116)
	at org.apache.catalina.core.ApplicationFilterChain.internalDoFilter(ApplicationFilterChain.java:164)
	at org.apache.catalina.core.ApplicationFilterChain.doFilter(ApplicationFilterChain.java:140)
	at org.springframework.web.filter.CharacterEncodingFilter.doFilterInternal(CharacterEncodingFilter.java:201)
	at org.springframework.web.filter.OncePerRequestFilter.doFilter(OncePerRequestFilter.java:116)
	at org.apache.catalina.core.ApplicationFilterChain.internalDoFilter(ApplicationFilterChain.java:164)
	at org.apache.catalina.core.ApplicationFilterChain.doFilter(ApplicationFilterChain.java:140)
	at org.apache.catalina.core.StandardWrapperValve.invoke(StandardWrapperValve.java:167)
	at org.apache.catalina.core.StandardContextValve.invoke(StandardContextValve.java:90)
	at org.apache.catalina.authenticator.AuthenticatorBase.invoke(AuthenticatorBase.java:483)
	at org.apache.catalina.core.StandardHostValve.invoke(StandardHostValve.java:115)
	at org.apache.catalina.valves.ErrorReportValve.invoke(ErrorReportValve.java:93)
	at org.apache.catalina.core.StandardEngineValve.invoke(StandardEngineValve.java:74)
	at org.apache.catalina.connector.CoyoteAdapter.service(CoyoteAdapter.java:344)
	at org.apache.coyote.http11.Http11Processor.service(Http11Processor.java:397)
	at org.apache.coyote.AbstractProcessorLight.process(AbstractProcessorLight.java:63)
	at org.apache.coyote.AbstractProtocol$ConnectionHandler.process(AbstractProtocol.java:905)
	at org.apache.tomcat.util.net.NioEndpoint$SocketProcessor.doRun(NioEndpoint.java:1741)
	at org.apache.tomcat.util.net.SocketProcessorBase.run(SocketProcessorBase.java:52)
	at org.apache.tomcat.util.threads.ThreadPoolExecutor.runWorker(ThreadPoolExecutor.java:1190)
	at org.apache.tomcat.util.threads.ThreadPoolExecutor$Worker.run(ThreadPoolExecutor.java:659)
	at org.apache.tomcat.util.threads.TaskThread$WrappingRunnable.run(TaskThread.java:63)
	at java.base/java.lang.Thread.run(Thread.java:842)
2025-12-26 14:53:48 ERROR [http-nio-8080-exec-7] o.a.c.c.C.[.[.[.[dispatcherServlet] - Servlet.service() for servlet [dispatcherServlet] in context with path [] threw exception [Request processing failed: org.springframework.data.mapping.PropertyReferenceException: No property 'startedAt' found for type 'Jobwork'] with root cause
org.springframework.data.mapping.PropertyReferenceException: No property 'startedAt' found for type 'Jobwork'
	at org.springframework.data.mapping.PropertyPath.<init>(PropertyPath.java:94)
	at org.springframework.data.mapping.PropertyPath.create(PropertyPath.java:455)
	at org.springframework.data.mapping.PropertyPath.create(PropertyPath.java:431)
	at org.springframework.data.mapping.PropertyPath.lambda$from$0(PropertyPath.java:384)
	at java.base/java.util.concurrent.ConcurrentMap.computeIfAbsent(ConcurrentMap.java:330)
	at org.springframework.data.mapping.PropertyPath.from(PropertyPath.java:366)
	at org.springframework.data.mapping.PropertyPath.from(PropertyPath.java:344)
	at org.springframework.data.jpa.repository.query.QueryUtils.toJpaOrder(QueryUtils.java:753)
	at org.springframework.data.jpa.repository.query.QueryUtils.toOrders(QueryUtils.java:706)
	at org.springframework.data.jpa.repository.support.SimpleJpaRepository.getQuery(SimpleJpaRepository.java:760)
	at org.springframework.data.jpa.repository.support.SimpleJpaRepository.getQuery(SimpleJpaRepository.java:718)
	at org.springframework.data.jpa.repository.support.SimpleJpaRepository.findAll(SimpleJpaRepository.java:452)
	at org.springframework.data.jpa.repository.support.SimpleJpaRepository.findAll(SimpleJpaRepository.java:431)
	at java.base/jdk.internal.reflect.NativeMethodAccessorImpl.invoke0(Native Method)
	at java.base/jdk.internal.reflect.NativeMethodAccessorImpl.invoke(NativeMethodAccessorImpl.java:77)
	at java.base/jdk.internal.reflect.DelegatingMethodAccessorImpl.invoke(DelegatingMethodAccessorImpl.java:43)
	at java.base/java.lang.reflect.Method.invoke(Method.java:568)
	at org.springframework.aop.support.AopUtils.invokeJoinpointUsingReflection(AopUtils.java:359)
	at org.springframework.data.repository.core.support.RepositoryMethodInvoker$RepositoryFragmentMethodInvoker.lambda$new$0(RepositoryMethodInvoker.java:277)
	at org.springframework.data.repository.core.support.RepositoryMethodInvoker.doInvoke(RepositoryMethodInvoker.java:170)
	at org.springframework.data.repository.core.support.RepositoryMethodInvoker.invoke(RepositoryMethodInvoker.java:158)
	at org.springframework.data.repository.core.support.RepositoryComposition$RepositoryFragments.invoke(RepositoryComposition.java:515)
	at org.springframework.data.repository.core.support.RepositoryComposition.invoke(RepositoryComposition.java:284)
	at org.springframework.data.repository.core.support.RepositoryFactorySupport$ImplementationMethodExecutionInterceptor.invoke(RepositoryFactorySupport.java:752)
	at org.springframework.aop.framework.ReflectiveMethodInvocation.proceed(ReflectiveMethodInvocation.java:184)
	at org.springframework.data.repository.core.support.QueryExecutorMethodInterceptor.doInvoke(QueryExecutorMethodInterceptor.java:174)
	at org.springframework.data.repository.core.support.QueryExecutorMethodInterceptor.invoke(QueryExecutorMethodInterceptor.java:149)
	at org.springframework.aop.framework.ReflectiveMethodInvocation.proceed(ReflectiveMethodInvocation.java:184)
	at org.springframework.data.projection.DefaultMethodInvokingMethodInterceptor.invoke(DefaultMethodInvokingMethodInterceptor.java:69)
	at org.springframework.aop.framework.ReflectiveMethodInvocation.proceed(ReflectiveMethodInvocation.java:184)
	at org.springframework.transaction.interceptor.TransactionAspectSupport.invokeWithinTransaction(TransactionAspectSupport.java:380)
	at org.springframework.transaction.interceptor.TransactionInterceptor.invoke(TransactionInterceptor.java:119)
	at org.springframework.aop.framework.ReflectiveMethodInvocation.proceed(ReflectiveMethodInvocation.java:184)
	at org.springframework.dao.support.PersistenceExceptionTranslationInterceptor.invoke(PersistenceExceptionTranslationInterceptor.java:138)
	at org.springframework.aop.framework.ReflectiveMethodInvocation.proceed(ReflectiveMethodInvocation.java:184)
	at org.springframework.data.jpa.repository.support.CrudMethodMetadataPostProcessor$CrudMethodMetadataPopulatingMethodInterceptor.invoke(CrudMethodMetadataPostProcessor.java:165)
	at org.springframework.aop.framework.ReflectiveMethodInvocation.proceed(ReflectiveMethodInvocation.java:184)
	at org.springframework.aop.framework.JdkDynamicAopProxy.invoke(JdkDynamicAopProxy.java:223)
	at jdk.proxy4/jdk.proxy4.$Proxy146.findAll(Unknown Source)
	at com.lakshmigarments.service.impl.JobworkServiceImpl.getAllJobworks(JobworkServiceImpl.java:56)
	at com.lakshmigarments.controller.JobworkController.getAllJobworks(JobworkController.java:42)
	at java.base/jdk.internal.reflect.NativeMethodAccessorImpl.invoke0(Native Method)
	at java.base/jdk.internal.reflect.NativeMethodAccessorImpl.invoke(NativeMethodAccessorImpl.java:77)
	at java.base/jdk.internal.reflect.DelegatingMethodAccessorImpl.invoke(DelegatingMethodAccessorImpl.java:43)
	at java.base/java.lang.reflect.Method.invoke(Method.java:568)
	at org.springframework.web.method.support.InvocableHandlerMethod.doInvoke(InvocableHandlerMethod.java:257)
	at org.springframework.web.method.support.InvocableHandlerMethod.invokeForRequest(InvocableHandlerMethod.java:190)
	at org.springframework.web.servlet.mvc.method.annotation.ServletInvocableHandlerMethod.invokeAndHandle(ServletInvocableHandlerMethod.java:118)
	at org.springframework.web.servlet.mvc.method.annotation.RequestMappingHandlerAdapter.invokeHandlerMethod(RequestMappingHandlerAdapter.java:986)
	at org.springframework.web.servlet.mvc.method.annotation.RequestMappingHandlerAdapter.handleInternal(RequestMappingHandlerAdapter.java:891)
	at org.springframework.web.servlet.mvc.method.AbstractHandlerMethodAdapter.handle(AbstractHandlerMethodAdapter.java:87)
	at org.springframework.web.servlet.DispatcherServlet.doDispatch(DispatcherServlet.java:1088)
	at org.springframework.web.servlet.DispatcherServlet.doService(DispatcherServlet.java:978)
	at org.springframework.web.servlet.FrameworkServlet.processRequest(FrameworkServlet.java:1014)
	at org.springframework.web.servlet.FrameworkServlet.doGet(FrameworkServlet.java:903)
	at jakarta.servlet.http.HttpServlet.service(HttpServlet.java:564)
	at org.springframework.web.servlet.FrameworkServlet.service(FrameworkServlet.java:885)
	at jakarta.servlet.http.HttpServlet.service(HttpServlet.java:658)
	at org.apache.catalina.core.ApplicationFilterChain.internalDoFilter(ApplicationFilterChain.java:195)
	at org.apache.catalina.core.ApplicationFilterChain.doFilter(ApplicationFilterChain.java:140)
	at org.apache.tomcat.websocket.server.WsFilter.doFilter(WsFilter.java:51)
	at org.apache.catalina.core.ApplicationFilterChain.internalDoFilter(ApplicationFilterChain.java:164)
	at org.apache.catalina.core.ApplicationFilterChain.doFilter(ApplicationFilterChain.java:140)
	at org.springframework.web.filter.RequestContextFilter.doFilterInternal(RequestContextFilter.java:100)
	at org.springframework.web.filter.OncePerRequestFilter.doFilter(OncePerRequestFilter.java:116)
	at org.apache.catalina.core.ApplicationFilterChain.internalDoFilter(ApplicationFilterChain.java:164)
	at org.apache.catalina.core.ApplicationFilterChain.doFilter(ApplicationFilterChain.java:140)
	at org.springframework.web.filter.FormContentFilter.doFilterInternal(FormContentFilter.java:93)
	at org.springframework.web.filter.OncePerRequestFilter.doFilter(OncePerRequestFilter.java:116)
	at org.apache.catalina.core.ApplicationFilterChain.internalDoFilter(ApplicationFilterChain.java:164)
	at org.apache.catalina.core.ApplicationFilterChain.doFilter(ApplicationFilterChain.java:140)
	at org.springframework.web.filter.CharacterEncodingFilter.doFilterInternal(CharacterEncodingFilter.java:201)
	at org.springframework.web.filter.OncePerRequestFilter.doFilter(OncePerRequestFilter.java:116)
	at org.apache.catalina.core.ApplicationFilterChain.internalDoFilter(ApplicationFilterChain.java:164)
	at org.apache.catalina.core.ApplicationFilterChain.doFilter(ApplicationFilterChain.java:140)
	at org.apache.catalina.core.StandardWrapperValve.invoke(StandardWrapperValve.java:167)
	at org.apache.catalina.core.StandardContextValve.invoke(StandardContextValve.java:90)
	at org.apache.catalina.authenticator.AuthenticatorBase.invoke(AuthenticatorBase.java:483)
	at org.apache.catalina.core.StandardHostValve.invoke(StandardHostValve.java:115)
	at org.apache.catalina.valves.ErrorReportValve.invoke(ErrorReportValve.java:93)
	at org.apache.catalina.core.StandardEngineValve.invoke(StandardEngineValve.java:74)
	at org.apache.catalina.connector.CoyoteAdapter.service(CoyoteAdapter.java:344)
	at org.apache.coyote.http11.Http11Processor.service(Http11Processor.java:397)
	at org.apache.coyote.AbstractProcessorLight.process(AbstractProcessorLight.java:63)
	at org.apache.coyote.AbstractProtocol$ConnectionHandler.process(AbstractProtocol.java:905)
	at org.apache.tomcat.util.net.NioEndpoint$SocketProcessor.doRun(NioEndpoint.java:1741)
	at org.apache.tomcat.util.net.SocketProcessorBase.run(SocketProcessorBase.java:52)
	at org.apache.tomcat.util.threads.ThreadPoolExecutor.runWorker(ThreadPoolExecutor.java:1190)
	at org.apache.tomcat.util.threads.ThreadPoolExecutor$Worker.run(ThreadPoolExecutor.java:659)
	at org.apache.tomcat.util.threads.TaskThread$WrappingRunnable.run(TaskThread.java:63)
	at java.base/java.lang.Thread.run(Thread.java:842)
2025-12-26 14:53:48 INFO  [http-nio-8080-exec-3] c.l.controller.EmployeeController - Employees retrieved successfully
2025-12-26 14:53:48 INFO  [http-nio-8080-exec-1] c.l.controller.EmployeeController - Received request to get all employees
2025-12-26 14:53:48 INFO  [http-nio-8080-exec-1] c.l.controller.EmployeeController - Employees retrieved successfully
2025-12-26 14:53:50 INFO  [http-nio-8080-exec-6] c.l.controller.BatchController - Received request to get pending batches
2025-12-26 14:53:50 INFO  [http-nio-8080-exec-6] c.l.service.impl.BatchServiceImpl - Fetching unpackaged batches
2025-12-26 14:53:50 INFO  [http-nio-8080-exec-2] c.l.controller.BatchController - Received request to get all batches
2025-12-26 14:53:50 INFO  [http-nio-8080-exec-5] c.l.controller.EmployeeController - Received request to get employee stats
2025-12-26 14:53:50 INFO  [http-nio-8080-exec-2] c.l.controller.BatchController - Found 0 batches
2025-12-26 14:53:50 INFO  [http-nio-8080-exec-9] c.l.controller.BatchController - Received request to get all batches
2025-12-26 14:53:50 INFO  [http-nio-8080-exec-9] c.l.controller.BatchController - Found 0 batches
2025-12-26 14:53:50 INFO  [http-nio-8080-exec-6] c.l.service.impl.BatchServiceImpl - Found 1 unpackaged batches
2025-12-26 14:53:50 INFO  [http-nio-8080-exec-6] c.l.controller.BatchController - Found 1 pending batches
2025-12-26 14:53:50 INFO  [http-nio-8080-exec-4] c.l.controller.EmployeeController - Received request to get employee stats
2025-12-26 14:53:50 INFO  [http-nio-8080-exec-10] c.l.controller.BatchController - Received request to get pending batches
2025-12-26 14:53:50 INFO  [http-nio-8080-exec-10] c.l.service.impl.BatchServiceImpl - Fetching unpackaged batches
2025-12-26 14:53:50 INFO  [http-nio-8080-exec-10] c.l.service.impl.BatchServiceImpl - Found 1 unpackaged batches
2025-12-26 14:53:50 INFO  [http-nio-8080-exec-10] c.l.controller.BatchController - Found 1 pending batches
2025-12-26 14:53:51 INFO  [http-nio-8080-exec-7] c.l.controller.BatchController - Received request to get pending batches
2025-12-26 14:53:51 INFO  [http-nio-8080-exec-7] c.l.service.impl.BatchServiceImpl - Fetching unpackaged batches
2025-12-26 14:53:51 INFO  [http-nio-8080-exec-8] c.l.controller.BatchController - Received request to get all batches
2025-12-26 14:53:51 INFO  [http-nio-8080-exec-3] c.l.controller.EmployeeController - Received request to get employee stats
2025-12-26 14:53:51 INFO  [http-nio-8080-exec-8] c.l.controller.BatchController - Found 0 batches
2025-12-26 14:53:51 INFO  [http-nio-8080-exec-7] c.l.service.impl.BatchServiceImpl - Found 1 unpackaged batches
2025-12-26 14:53:51 INFO  [http-nio-8080-exec-7] c.l.controller.BatchController - Found 1 pending batches
2025-12-26 14:53:53 INFO  [http-nio-8080-exec-9] c.l.controller.BatchController - Received request to get pending batches
2025-12-26 14:53:53 INFO  [http-nio-8080-exec-2] c.l.controller.EmployeeController - Received request to get employee stats
2025-12-26 14:53:53 INFO  [http-nio-8080-exec-9] c.l.service.impl.BatchServiceImpl - Fetching unpackaged batches
2025-12-26 14:53:53 INFO  [http-nio-8080-exec-1] c.l.controller.BatchController - Received request to get all batches
2025-12-26 14:53:53 INFO  [http-nio-8080-exec-9] c.l.service.impl.BatchServiceImpl - Found 1 unpackaged batches
2025-12-26 14:53:53 INFO  [http-nio-8080-exec-9] c.l.controller.BatchController - Found 1 pending batches
2025-12-26 14:53:53 INFO  [http-nio-8080-exec-1] c.l.controller.BatchController - Found 0 batches
2025-12-26 14:53:55 INFO  [http-nio-8080-exec-6] c.l.controller.BatchController - Received request to get pending batches
2025-12-26 14:53:55 INFO  [http-nio-8080-exec-6] c.l.service.impl.BatchServiceImpl - Fetching unpackaged batches
2025-12-26 14:53:55 INFO  [http-nio-8080-exec-4] c.l.controller.EmployeeController - Received request to get employee stats
2025-12-26 14:53:55 INFO  [http-nio-8080-exec-5] c.l.controller.BatchController - Received request to get all batches
2025-12-26 14:53:55 INFO  [http-nio-8080-exec-6] c.l.service.impl.BatchServiceImpl - Found 1 unpackaged batches
2025-12-26 14:53:55 INFO  [http-nio-8080-exec-6] c.l.controller.BatchController - Found 1 pending batches
2025-12-26 14:53:55 INFO  [http-nio-8080-exec-5] c.l.controller.BatchController - Found 0 batches
2025-12-26 14:53:55 INFO  [http-nio-8080-exec-8] c.l.controller.EmployeeController - Received request to get employee stats
2025-12-26 14:53:55 INFO  [http-nio-8080-exec-10] c.l.controller.BatchController - Received request to get pending batches
2025-12-26 14:53:55 INFO  [http-nio-8080-exec-7] c.l.controller.BatchController - Received request to get all batches
2025-12-26 14:53:55 INFO  [http-nio-8080-exec-10] c.l.service.impl.BatchServiceImpl - Fetching unpackaged batches
2025-12-26 14:53:55 INFO  [http-nio-8080-exec-7] c.l.controller.BatchController - Found 0 batches
2025-12-26 14:53:55 INFO  [http-nio-8080-exec-10] c.l.service.impl.BatchServiceImpl - Found 1 unpackaged batches
2025-12-26 14:53:55 INFO  [http-nio-8080-exec-10] c.l.controller.BatchController - Found 1 pending batches
2025-12-26 14:53:56 INFO  [http-nio-8080-exec-1] c.l.controller.EmployeeController - Received request to get employee stats
2025-12-26 14:53:56 INFO  [http-nio-8080-exec-9] c.l.controller.BatchController - Received request to get pending batches
2025-12-26 14:53:56 INFO  [http-nio-8080-exec-9] c.l.service.impl.BatchServiceImpl - Fetching unpackaged batches
2025-12-26 14:53:56 INFO  [http-nio-8080-exec-3] c.l.controller.BatchController - Received request to get all batches
2025-12-26 14:53:56 INFO  [http-nio-8080-exec-9] c.l.service.impl.BatchServiceImpl - Found 1 unpackaged batches
2025-12-26 14:53:56 INFO  [http-nio-8080-exec-9] c.l.controller.BatchController - Found 1 pending batches
2025-12-26 14:53:56 INFO  [http-nio-8080-exec-3] c.l.controller.BatchController - Found 0 batches
2025-12-26 14:53:56 INFO  [http-nio-8080-exec-5] c.l.controller.EmployeeController - Received request to get employee stats
2025-12-26 14:53:56 INFO  [http-nio-8080-exec-6] c.l.controller.BatchController - Received request to get pending batches
2025-12-26 14:53:56 INFO  [http-nio-8080-exec-6] c.l.service.impl.BatchServiceImpl - Fetching unpackaged batches
2025-12-26 14:53:56 INFO  [http-nio-8080-exec-2] c.l.controller.BatchController - Received request to get all batches
2025-12-26 14:53:56 INFO  [http-nio-8080-exec-6] c.l.service.impl.BatchServiceImpl - Found 1 unpackaged batches
2025-12-26 14:53:56 INFO  [http-nio-8080-exec-6] c.l.controller.BatchController - Found 1 pending batches
2025-12-26 14:53:56 INFO  [http-nio-8080-exec-2] c.l.controller.BatchController - Found 0 batches
2025-12-26 14:53:57 INFO  [http-nio-8080-exec-8] c.l.controller.EmployeeController - Received request to get employee stats
2025-12-26 14:53:57 INFO  [http-nio-8080-exec-7] c.l.controller.BatchController - Received request to get pending batches
2025-12-26 14:53:57 INFO  [http-nio-8080-exec-7] c.l.service.impl.BatchServiceImpl - Fetching unpackaged batches
2025-12-26 14:53:57 INFO  [http-nio-8080-exec-4] c.l.controller.BatchController - Received request to get all batches
2025-12-26 14:53:57 INFO  [http-nio-8080-exec-7] c.l.service.impl.BatchServiceImpl - Found 1 unpackaged batches
2025-12-26 14:53:57 INFO  [http-nio-8080-exec-7] c.l.controller.BatchController - Found 1 pending batches
2025-12-26 14:53:57 INFO  [http-nio-8080-exec-4] c.l.controller.BatchController - Found 0 batches
2025-12-26 14:54:01 INFO  [http-nio-8080-exec-10] c.l.controller.BatchController - Received request to fetch the allowed transitions for the batch
2025-12-26 14:54:01 ERROR [http-nio-8080-exec-10] o.a.c.c.C.[.[.[.[dispatcherServlet] - Servlet.service() for servlet [dispatcherServlet] in context with path [] threw exception [Handler dispatch failed: java.lang.Error: Unresolved compilation problem: 
	Syntax error on token "if", delete this token
] with root cause
java.lang.Error: Unresolved compilation problem: 
	Syntax error on token "if", delete this token

	at com.lakshmigarments.service.impl.BatchServiceImpl.getJobworkTypes(BatchServiceImpl.java:341)
	at java.base/jdk.internal.reflect.NativeMethodAccessorImpl.invoke0(Native Method)
	at java.base/jdk.internal.reflect.NativeMethodAccessorImpl.invoke(NativeMethodAccessorImpl.java:77)
	at java.base/jdk.internal.reflect.DelegatingMethodAccessorImpl.invoke(DelegatingMethodAccessorImpl.java:43)
	at java.base/java.lang.reflect.Method.invoke(Method.java:568)
	at org.springframework.aop.support.AopUtils.invokeJoinpointUsingReflection(AopUtils.java:359)
	at org.springframework.aop.framework.CglibAopProxy$DynamicAdvisedInterceptor.intercept(CglibAopProxy.java:723)
	at com.lakshmigarments.service.impl.BatchServiceImpl$$SpringCGLIB$$0.getJobworkTypes(<generated>)
	at com.lakshmigarments.controller.BatchController.getJobworkTypes(BatchController.java:82)
	at java.base/jdk.internal.reflect.NativeMethodAccessorImpl.invoke0(Native Method)
	at java.base/jdk.internal.reflect.NativeMethodAccessorImpl.invoke(NativeMethodAccessorImpl.java:77)
	at java.base/jdk.internal.reflect.DelegatingMethodAccessorImpl.invoke(DelegatingMethodAccessorImpl.java:43)
	at java.base/java.lang.reflect.Method.invoke(Method.java:568)
	at org.springframework.web.method.support.InvocableHandlerMethod.doInvoke(InvocableHandlerMethod.java:257)
	at org.springframework.web.method.support.InvocableHandlerMethod.invokeForRequest(InvocableHandlerMethod.java:190)
	at org.springframework.web.servlet.mvc.method.annotation.ServletInvocableHandlerMethod.invokeAndHandle(ServletInvocableHandlerMethod.java:118)
	at org.springframework.web.servlet.mvc.method.annotation.RequestMappingHandlerAdapter.invokeHandlerMethod(RequestMappingHandlerAdapter.java:986)
	at org.springframework.web.servlet.mvc.method.annotation.RequestMappingHandlerAdapter.handleInternal(RequestMappingHandlerAdapter.java:891)
	at org.springframework.web.servlet.mvc.method.AbstractHandlerMethodAdapter.handle(AbstractHandlerMethodAdapter.java:87)
	at org.springframework.web.servlet.DispatcherServlet.doDispatch(DispatcherServlet.java:1088)
	at org.springframework.web.servlet.DispatcherServlet.doService(DispatcherServlet.java:978)
	at org.springframework.web.servlet.FrameworkServlet.processRequest(FrameworkServlet.java:1014)
	at org.springframework.web.servlet.FrameworkServlet.doGet(FrameworkServlet.java:903)
	at jakarta.servlet.http.HttpServlet.service(HttpServlet.java:564)
	at org.springframework.web.servlet.FrameworkServlet.service(FrameworkServlet.java:885)
	at jakarta.servlet.http.HttpServlet.service(HttpServlet.java:658)
	at org.apache.catalina.core.ApplicationFilterChain.internalDoFilter(ApplicationFilterChain.java:195)
	at org.apache.catalina.core.ApplicationFilterChain.doFilter(ApplicationFilterChain.java:140)
	at org.apache.tomcat.websocket.server.WsFilter.doFilter(WsFilter.java:51)
	at org.apache.catalina.core.ApplicationFilterChain.internalDoFilter(ApplicationFilterChain.java:164)
	at org.apache.catalina.core.ApplicationFilterChain.doFilter(ApplicationFilterChain.java:140)
	at org.springframework.web.filter.RequestContextFilter.doFilterInternal(RequestContextFilter.java:100)
	at org.springframework.web.filter.OncePerRequestFilter.doFilter(OncePerRequestFilter.java:116)
	at org.apache.catalina.core.ApplicationFilterChain.internalDoFilter(ApplicationFilterChain.java:164)
	at org.apache.catalina.core.ApplicationFilterChain.doFilter(ApplicationFilterChain.java:140)
	at org.springframework.web.filter.FormContentFilter.doFilterInternal(FormContentFilter.java:93)
	at org.springframework.web.filter.OncePerRequestFilter.doFilter(OncePerRequestFilter.java:116)
	at org.apache.catalina.core.ApplicationFilterChain.internalDoFilter(ApplicationFilterChain.java:164)
	at org.apache.catalina.core.ApplicationFilterChain.doFilter(ApplicationFilterChain.java:140)
	at org.springframework.web.filter.CharacterEncodingFilter.doFilterInternal(CharacterEncodingFilter.java:201)
	at org.springframework.web.filter.OncePerRequestFilter.doFilter(OncePerRequestFilter.java:116)
	at org.apache.catalina.core.ApplicationFilterChain.internalDoFilter(ApplicationFilterChain.java:164)
	at org.apache.catalina.core.ApplicationFilterChain.doFilter(ApplicationFilterChain.java:140)
	at org.apache.catalina.core.StandardWrapperValve.invoke(StandardWrapperValve.java:167)
	at org.apache.catalina.core.StandardContextValve.invoke(StandardContextValve.java:90)
	at org.apache.catalina.authenticator.AuthenticatorBase.invoke(AuthenticatorBase.java:483)
	at org.apache.catalina.core.StandardHostValve.invoke(StandardHostValve.java:115)
	at org.apache.catalina.valves.ErrorReportValve.invoke(ErrorReportValve.java:93)
	at org.apache.catalina.core.StandardEngineValve.invoke(StandardEngineValve.java:74)
	at org.apache.catalina.connector.CoyoteAdapter.service(CoyoteAdapter.java:344)
	at org.apache.coyote.http11.Http11Processor.service(Http11Processor.java:397)
	at org.apache.coyote.AbstractProcessorLight.process(AbstractProcessorLight.java:63)
	at org.apache.coyote.AbstractProtocol$ConnectionHandler.process(AbstractProtocol.java:905)
	at org.apache.tomcat.util.net.NioEndpoint$SocketProcessor.doRun(NioEndpoint.java:1741)
	at org.apache.tomcat.util.net.SocketProcessorBase.run(SocketProcessorBase.java:52)
	at org.apache.tomcat.util.threads.ThreadPoolExecutor.runWorker(ThreadPoolExecutor.java:1190)
	at org.apache.tomcat.util.threads.ThreadPoolExecutor$Worker.run(ThreadPoolExecutor.java:659)
	at org.apache.tomcat.util.threads.TaskThread$WrappingRunnable.run(TaskThread.java:63)
	at java.base/java.lang.Thread.run(Thread.java:842)
2025-12-26 14:54:14 INFO  [http-nio-8080-exec-1] c.l.c.MaterialLedgerController - Received request to fetch category and subcategory counts.
2025-12-26 14:54:14 INFO  [http-nio-8080-exec-1] c.l.s.impl.MaterialLedgerServiceImpl - Fetching category and subcategory counts from inventory.
2025-12-26 14:54:14 INFO  [http-nio-8080-exec-1] c.l.s.impl.MaterialLedgerServiceImpl - Returning 1 category DTOs
2025-12-26 14:54:14 INFO  [http-nio-8080-exec-9] c.l.c.MaterialLedgerController - Received request to fetch category and subcategory counts.
2025-12-26 14:54:14 INFO  [http-nio-8080-exec-9] c.l.s.impl.MaterialLedgerServiceImpl - Fetching category and subcategory counts from inventory.
2025-12-26 14:54:14 INFO  [http-nio-8080-exec-9] c.l.s.impl.MaterialLedgerServiceImpl - Returning 1 category DTOs
2025-12-26 14:54:17 INFO  [http-nio-8080-exec-2] c.l.controller.BatchController - Received request to get pending batches
2025-12-26 14:54:17 INFO  [http-nio-8080-exec-2] c.l.service.impl.BatchServiceImpl - Fetching unpackaged batches
2025-12-26 14:54:17 INFO  [http-nio-8080-exec-3] c.l.controller.BatchController - Received request to get all batches
2025-12-26 14:54:17 INFO  [http-nio-8080-exec-6] c.l.controller.EmployeeController - Received request to get employee stats
2025-12-26 14:54:17 INFO  [http-nio-8080-exec-2] c.l.service.impl.BatchServiceImpl - Found 1 unpackaged batches
2025-12-26 14:54:17 INFO  [http-nio-8080-exec-2] c.l.controller.BatchController - Found 1 pending batches
2025-12-26 14:54:17 INFO  [http-nio-8080-exec-3] c.l.controller.BatchController - Found 0 batches
2025-12-26 14:54:17 INFO  [http-nio-8080-exec-7] c.l.controller.BatchController - Received request to get pending batches
2025-12-26 14:54:17 INFO  [http-nio-8080-exec-7] c.l.service.impl.BatchServiceImpl - Fetching unpackaged batches
2025-12-26 14:54:17 INFO  [http-nio-8080-exec-5] c.l.controller.EmployeeController - Received request to get employee stats
2025-12-26 14:54:17 INFO  [http-nio-8080-exec-8] c.l.controller.BatchController - Received request to get all batches
2025-12-26 14:54:17 INFO  [http-nio-8080-exec-7] c.l.service.impl.BatchServiceImpl - Found 1 unpackaged batches
2025-12-26 14:54:17 INFO  [http-nio-8080-exec-7] c.l.controller.BatchController - Found 1 pending batches
2025-12-26 14:54:17 INFO  [http-nio-8080-exec-8] c.l.controller.BatchController - Found 0 batches
2025-12-26 14:54:19 INFO  [http-nio-8080-exec-10] c.l.controller.BatchController - Received request to get pending batches
2025-12-26 14:54:19 INFO  [http-nio-8080-exec-1] c.l.controller.EmployeeController - Received request to get employee stats
2025-12-26 14:54:19 INFO  [http-nio-8080-exec-10] c.l.service.impl.BatchServiceImpl - Fetching unpackaged batches
2025-12-26 14:54:19 INFO  [http-nio-8080-exec-4] c.l.controller.BatchController - Received request to get all batches
2025-12-26 14:54:19 INFO  [http-nio-8080-exec-4] c.l.controller.BatchController - Found 0 batches
2025-12-26 14:54:19 INFO  [http-nio-8080-exec-10] c.l.service.impl.BatchServiceImpl - Found 1 unpackaged batches
2025-12-26 14:54:19 INFO  [http-nio-8080-exec-10] c.l.controller.BatchController - Found 1 pending batches
2025-12-26 14:54:23 INFO  [http-nio-8080-exec-9] c.l.controller.BatchController - Received request to get all batches
2025-12-26 14:54:23 INFO  [http-nio-8080-exec-9] c.l.controller.BatchController - Found 9 batches
2025-12-26 14:54:23 INFO  [http-nio-8080-exec-6] c.l.controller.BatchController - Received request to get all batches
2025-12-26 14:54:23 INFO  [http-nio-8080-exec-6] c.l.controller.BatchController - Found 9 batches
2025-12-26 14:54:43 INFO  [http-nio-8080-exec-3] c.l.controller.SupplierController - Received request to fetch all suppliers with search: 
2025-12-26 14:54:43 INFO  [http-nio-8080-exec-3] c.l.controller.SupplierController - Returning 8 supplier(s)
2025-12-26 14:54:43 INFO  [http-nio-8080-exec-2] c.l.controller.SupplierController - Received request to fetch all suppliers with search: 
2025-12-26 14:54:43 INFO  [http-nio-8080-exec-2] c.l.controller.SupplierController - Returning 8 supplier(s)
2025-12-26 14:54:45 INFO  [http-nio-8080-exec-7] c.l.controller.SupplierController - Received request to fetch all suppliers with search: 
2025-12-26 14:54:45 INFO  [http-nio-8080-exec-7] c.l.controller.SupplierController - Returning 8 supplier(s)
2025-12-26 14:54:47 INFO  [http-nio-8080-exec-8] c.l.controller.TransportController - Received request to fetch all transports with search: 
2025-12-26 14:54:47 INFO  [http-nio-8080-exec-8] c.l.controller.TransportController - Returning 7 transport(s)
2025-12-26 14:54:47 INFO  [http-nio-8080-exec-5] c.l.controller.TransportController - Received request to fetch all transports with search: 
2025-12-26 14:54:47 INFO  [http-nio-8080-exec-5] c.l.controller.TransportController - Returning 7 transport(s)
2025-12-26 14:54:50 INFO  [http-nio-8080-exec-10] c.l.controller.SupplierController - Received request to fetch all suppliers with search: 
2025-12-26 14:54:50 INFO  [http-nio-8080-exec-10] c.l.controller.SupplierController - Returning 8 supplier(s)
2025-12-26 14:54:50 INFO  [http-nio-8080-exec-1] c.l.controller.SupplierController - Received request to fetch all suppliers with search: 
2025-12-26 14:54:50 INFO  [http-nio-8080-exec-1] c.l.controller.SupplierController - Returning 8 supplier(s)
2025-12-26 14:55:04 INFO  [http-nio-8080-exec-9] c.l.controller.BatchController - Received request to get pending batches
2025-12-26 14:55:04 INFO  [http-nio-8080-exec-9] c.l.service.impl.BatchServiceImpl - Fetching unpackaged batches
2025-12-26 14:55:04 INFO  [http-nio-8080-exec-6] c.l.controller.EmployeeController - Received request to get employee stats
2025-12-26 14:55:04 INFO  [http-nio-8080-exec-4] c.l.controller.BatchController - Received request to get all batches
2025-12-26 14:55:04 INFO  [http-nio-8080-exec-9] c.l.service.impl.BatchServiceImpl - Found 1 unpackaged batches
2025-12-26 14:55:04 INFO  [http-nio-8080-exec-9] c.l.controller.BatchController - Found 1 pending batches
2025-12-26 14:55:04 INFO  [http-nio-8080-exec-4] c.l.controller.BatchController - Found 0 batches
2025-12-26 14:55:04 INFO  [http-nio-8080-exec-3] c.l.controller.BatchController - Received request to get pending batches
2025-12-26 14:55:04 INFO  [http-nio-8080-exec-3] c.l.service.impl.BatchServiceImpl - Fetching unpackaged batches
2025-12-26 14:55:04 INFO  [http-nio-8080-exec-2] c.l.controller.BatchController - Received request to get all batches
2025-12-26 14:55:04 INFO  [http-nio-8080-exec-7] c.l.controller.EmployeeController - Received request to get employee stats
2025-12-26 14:55:04 INFO  [http-nio-8080-exec-3] c.l.service.impl.BatchServiceImpl - Found 1 unpackaged batches
2025-12-26 14:55:04 INFO  [http-nio-8080-exec-3] c.l.controller.BatchController - Found 1 pending batches
2025-12-26 14:55:04 INFO  [http-nio-8080-exec-2] c.l.controller.BatchController - Found 0 batches
2025-12-26 14:56:43 INFO  [http-nio-8080-exec-1] c.l.controller.SupplierController - Received request to fetch all suppliers with search: null
2025-12-26 14:56:43 INFO  [http-nio-8080-exec-4] c.l.controller.TransportController - Received request to fetch all transports with search: null
2025-12-26 14:56:43 INFO  [http-nio-8080-exec-9] c.l.controller.CategoryController - Received request to fetch all categories with search: null
2025-12-26 14:56:43 INFO  [http-nio-8080-exec-6] c.l.controller.SubCategoryController - Received request to fetch all sub categories with search: null
2025-12-26 14:56:43 INFO  [http-nio-8080-exec-1] c.l.controller.SupplierController - Returning 8 supplier(s)
2025-12-26 14:56:43 INFO  [http-nio-8080-exec-9] c.l.controller.CategoryController - Returning 3 category(s)
2025-12-26 14:56:43 INFO  [http-nio-8080-exec-4] c.l.controller.TransportController - Returning 7 transport(s)
2025-12-26 14:56:43 INFO  [http-nio-8080-exec-6] c.l.controller.SubCategoryController - Returning 3 sub category(s)
2025-12-26 14:56:43 INFO  [http-nio-8080-exec-3] c.l.controller.SupplierController - Received request to fetch all suppliers with search: null
2025-12-26 14:56:43 INFO  [http-nio-8080-exec-2] c.l.controller.TransportController - Received request to fetch all transports with search: null
2025-12-26 14:56:43 INFO  [http-nio-8080-exec-7] c.l.controller.SubCategoryController - Received request to fetch all sub categories with search: null
2025-12-26 14:56:43 INFO  [http-nio-8080-exec-8] c.l.controller.CategoryController - Received request to fetch all categories with search: null
2025-12-26 14:56:43 INFO  [http-nio-8080-exec-3] c.l.controller.SupplierController - Returning 8 supplier(s)
2025-12-26 14:56:43 INFO  [http-nio-8080-exec-2] c.l.controller.TransportController - Returning 7 transport(s)
2025-12-26 14:56:43 INFO  [http-nio-8080-exec-7] c.l.controller.SubCategoryController - Returning 3 sub category(s)
2025-12-26 14:56:43 INFO  [http-nio-8080-exec-8] c.l.controller.CategoryController - Returning 3 category(s)
2025-12-26 14:57:55 INFO  [http-nio-8080-exec-10] c.l.controller.SupplierController - Received request to fetch all suppliers with search: null
2025-12-26 14:57:55 INFO  [http-nio-8080-exec-4] c.l.controller.TransportController - Received request to fetch all transports with search: null
2025-12-26 14:57:55 INFO  [http-nio-8080-exec-1] c.l.controller.CategoryController - Received request to fetch all categories with search: null
2025-12-26 14:57:55 INFO  [http-nio-8080-exec-9] c.l.controller.SubCategoryController - Received request to fetch all sub categories with search: null
2025-12-26 14:57:55 INFO  [http-nio-8080-exec-1] c.l.controller.CategoryController - Returning 3 category(s)
2025-12-26 14:57:55 INFO  [http-nio-8080-exec-10] c.l.controller.SupplierController - Returning 8 supplier(s)
2025-12-26 14:57:55 INFO  [http-nio-8080-exec-4] c.l.controller.TransportController - Returning 7 transport(s)
2025-12-26 14:57:55 INFO  [http-nio-8080-exec-9] c.l.controller.SubCategoryController - Returning 3 sub category(s)
2025-12-26 14:57:55 INFO  [http-nio-8080-exec-6] c.l.controller.SubCategoryController - Received request to fetch all sub categories with search: null
2025-12-26 14:57:55 INFO  [http-nio-8080-exec-2] c.l.controller.TransportController - Received request to fetch all transports with search: null
2025-12-26 14:57:55 INFO  [http-nio-8080-exec-7] c.l.controller.CategoryController - Received request to fetch all categories with search: null
2025-12-26 14:57:55 INFO  [http-nio-8080-exec-3] c.l.controller.SupplierController - Received request to fetch all suppliers with search: null
2025-12-26 14:57:55 INFO  [http-nio-8080-exec-6] c.l.controller.SubCategoryController - Returning 3 sub category(s)
2025-12-26 14:57:55 INFO  [http-nio-8080-exec-3] c.l.controller.SupplierController - Returning 8 supplier(s)
2025-12-26 14:57:55 INFO  [http-nio-8080-exec-7] c.l.controller.CategoryController - Returning 3 category(s)
2025-12-26 14:57:55 INFO  [http-nio-8080-exec-2] c.l.controller.TransportController - Returning 7 transport(s)
2025-12-26 14:59:23 INFO  [http-nio-8080-exec-7] c.l.c.MaterialLedgerController - Received request to fetch category and subcategory counts.
2025-12-26 14:59:23 INFO  [http-nio-8080-exec-7] c.l.s.impl.MaterialLedgerServiceImpl - Fetching category and subcategory counts from inventory.
2025-12-26 14:59:23 INFO  [http-nio-8080-exec-7] c.l.s.impl.MaterialLedgerServiceImpl - Returning 1 category DTOs
2025-12-26 14:59:23 INFO  [http-nio-8080-exec-3] c.l.c.MaterialLedgerController - Received request to fetch category and subcategory counts.
2025-12-26 14:59:23 INFO  [http-nio-8080-exec-3] c.l.s.impl.MaterialLedgerServiceImpl - Fetching category and subcategory counts from inventory.
2025-12-26 14:59:23 INFO  [http-nio-8080-exec-3] c.l.s.impl.MaterialLedgerServiceImpl - Returning 1 category DTOs
2025-12-26 14:59:24 INFO  [http-nio-8080-exec-2] c.l.controller.IDController - Retrieve batch serial code
2025-12-26 14:59:30 INFO  [http-nio-8080-exec-6] c.l.controller.BatchController - Received request to get all batches
2025-12-26 14:59:30 INFO  [http-nio-8080-exec-8] c.l.controller.BatchController - Received request to get pending batches
2025-12-26 14:59:30 INFO  [http-nio-8080-exec-8] c.l.service.impl.BatchServiceImpl - Fetching unpackaged batches
2025-12-26 14:59:30 INFO  [http-nio-8080-exec-5] c.l.controller.EmployeeController - Received request to get employee stats
2025-12-26 14:59:30 INFO  [http-nio-8080-exec-8] c.l.service.impl.BatchServiceImpl - Found 1 unpackaged batches
2025-12-26 14:59:30 INFO  [http-nio-8080-exec-8] c.l.controller.BatchController - Found 1 pending batches
2025-12-26 14:59:30 INFO  [http-nio-8080-exec-6] c.l.controller.BatchController - Found 0 batches
2025-12-26 14:59:30 INFO  [http-nio-8080-exec-10] c.l.controller.BatchController - Received request to get pending batches
2025-12-26 14:59:30 INFO  [http-nio-8080-exec-4] c.l.controller.BatchController - Received request to get all batches
2025-12-26 14:59:30 INFO  [http-nio-8080-exec-10] c.l.service.impl.BatchServiceImpl - Fetching unpackaged batches
2025-12-26 14:59:30 INFO  [http-nio-8080-exec-1] c.l.controller.EmployeeController - Received request to get employee stats
2025-12-26 14:59:30 INFO  [http-nio-8080-exec-10] c.l.service.impl.BatchServiceImpl - Found 1 unpackaged batches
2025-12-26 14:59:30 INFO  [http-nio-8080-exec-10] c.l.controller.BatchController - Found 1 pending batches
2025-12-26 14:59:30 INFO  [http-nio-8080-exec-4] c.l.controller.BatchController - Found 0 batches
2025-12-26 14:59:35 INFO  [http-nio-8080-exec-9] c.l.c.MaterialLedgerController - Received request to fetch category and subcategory counts.
2025-12-26 14:59:35 INFO  [http-nio-8080-exec-9] c.l.s.impl.MaterialLedgerServiceImpl - Fetching category and subcategory counts from inventory.
2025-12-26 14:59:35 INFO  [http-nio-8080-exec-9] c.l.s.impl.MaterialLedgerServiceImpl - Returning 1 category DTOs
2025-12-26 14:59:35 INFO  [http-nio-8080-exec-7] c.l.c.MaterialLedgerController - Received request to fetch category and subcategory counts.
2025-12-26 14:59:35 INFO  [http-nio-8080-exec-7] c.l.s.impl.MaterialLedgerServiceImpl - Fetching category and subcategory counts from inventory.
2025-12-26 14:59:35 INFO  [http-nio-8080-exec-7] c.l.s.impl.MaterialLedgerServiceImpl - Returning 1 category DTOs
2025-12-26 14:59:38 INFO  [http-nio-8080-exec-2] c.l.controller.TransportController - Received request to fetch all transports with search: null
2025-12-26 14:59:38 INFO  [http-nio-8080-exec-6] c.l.controller.CategoryController - Received request to fetch all categories with search: null
2025-12-26 14:59:38 INFO  [http-nio-8080-exec-3] c.l.controller.SupplierController - Received request to fetch all suppliers with search: null
2025-12-26 14:59:38 INFO  [http-nio-8080-exec-8] c.l.controller.SubCategoryController - Received request to fetch all sub categories with search: null
2025-12-26 14:59:38 INFO  [http-nio-8080-exec-6] c.l.controller.CategoryController - Returning 3 category(s)
2025-12-26 14:59:38 INFO  [http-nio-8080-exec-8] c.l.controller.SubCategoryController - Returning 3 sub category(s)
2025-12-26 14:59:38 INFO  [http-nio-8080-exec-3] c.l.controller.SupplierController - Returning 8 supplier(s)
2025-12-26 14:59:38 INFO  [http-nio-8080-exec-2] c.l.controller.TransportController - Returning 7 transport(s)
2025-12-26 14:59:38 INFO  [http-nio-8080-exec-10] c.l.controller.CategoryController - Received request to fetch all categories with search: null
2025-12-26 14:59:38 INFO  [http-nio-8080-exec-1] c.l.controller.TransportController - Received request to fetch all transports with search: null
2025-12-26 14:59:38 INFO  [http-nio-8080-exec-5] c.l.controller.SubCategoryController - Received request to fetch all sub categories with search: null
2025-12-26 14:59:38 INFO  [http-nio-8080-exec-4] c.l.controller.SupplierController - Received request to fetch all suppliers with search: null
2025-12-26 14:59:38 INFO  [http-nio-8080-exec-5] c.l.controller.SubCategoryController - Returning 3 sub category(s)
2025-12-26 14:59:38 INFO  [http-nio-8080-exec-1] c.l.controller.TransportController - Returning 7 transport(s)
2025-12-26 14:59:38 INFO  [http-nio-8080-exec-4] c.l.controller.SupplierController - Returning 8 supplier(s)
2025-12-26 14:59:38 INFO  [http-nio-8080-exec-10] c.l.controller.CategoryController - Returning 3 category(s)
2025-12-26 17:52:05 WARN  [HikariPool-1 housekeeper] com.zaxxer.hikari.pool.HikariPool - HikariPool-1 - Thread starvation or clock leap detected (housekeeper delta=16m40s396ms381s800ns).
