2025-12-13 19:19:44 INFO  [restartedMain] c.l.LakshmiGarmentsApplication - Starting LakshmiGarmentsApplication using Java 17.0.17 with PID 19372 (C:\Users\KEX1COB\Desktop\PERSONAL\LG\lakshmi-garments-backend\target\classes started by KEX1COB in C:\Users\KEX1COB\Desktop\PERSONAL\LG\lakshmi-garments-backend)
2025-12-13 19:19:44 INFO  [restartedMain] c.l.LakshmiGarmentsApplication - No active profile set, falling back to 1 default profile: "default"
2025-12-13 19:19:44 INFO  [restartedMain] o.s.b.d.e.DevToolsPropertyDefaultsPostProcessor - Devtools property defaults active! Set 'spring.devtools.add-properties' to 'false' to disable
2025-12-13 19:19:44 INFO  [restartedMain] o.s.b.d.e.DevToolsPropertyDefaultsPostProcessor - For additional web related logging consider setting the 'logging.level.web' property to 'DEBUG'
2025-12-13 19:19:46 INFO  [restartedMain] o.s.d.r.c.RepositoryConfigurationDelegate - Bootstrapping Spring Data JPA repositories in DEFAULT mode.
2025-12-13 19:19:47 INFO  [restartedMain] o.s.d.r.c.RepositoryConfigurationDelegate - Finished Spring Data repository scanning in 130 ms. Found 22 JPA repository interfaces.
2025-12-13 19:19:47 INFO  [restartedMain] o.s.b.w.e.tomcat.TomcatWebServer - Tomcat initialized with port 8080 (http)
2025-12-13 19:19:47 INFO  [restartedMain] o.a.catalina.core.StandardService - Starting service [Tomcat]
2025-12-13 19:19:47 INFO  [restartedMain] o.a.catalina.core.StandardEngine - Starting Servlet engine: [Apache Tomcat/10.1.34]
2025-12-13 19:19:47 INFO  [restartedMain] o.a.c.c.C.[Tomcat].[localhost].[/] - Initializing Spring embedded WebApplicationContext
2025-12-13 19:19:47 INFO  [restartedMain] o.s.b.w.s.c.ServletWebServerApplicationContext - Root WebApplicationContext: initialization completed in 2586 ms
2025-12-13 19:19:47 INFO  [restartedMain] o.h.jpa.internal.util.LogHelper - HHH000204: Processing PersistenceUnitInfo [name: default]
2025-12-13 19:19:47 INFO  [restartedMain] org.hibernate.Version - HHH000412: Hibernate ORM core version 6.6.4.Final
2025-12-13 19:19:47 INFO  [restartedMain] o.h.c.i.RegionFactoryInitiator - HHH000026: Second-level cache disabled
2025-12-13 19:19:48 INFO  [restartedMain] o.s.o.j.p.SpringPersistenceUnitInfo - No LoadTimeWeaver setup: ignoring JPA class transformer
2025-12-13 19:19:48 INFO  [restartedMain] com.zaxxer.hikari.HikariDataSource - HikariPool-1 - Starting...
2025-12-13 19:19:48 INFO  [restartedMain] com.zaxxer.hikari.pool.HikariPool - HikariPool-1 - Added connection com.mysql.cj.jdbc.ConnectionImpl@1891e5db
2025-12-13 19:19:48 INFO  [restartedMain] com.zaxxer.hikari.HikariDataSource - HikariPool-1 - Start completed.
2025-12-13 19:19:48 WARN  [restartedMain] org.hibernate.orm.deprecation - HHH90000025: MySQL8Dialect does not need to be specified explicitly using 'hibernate.dialect' (remove the property setting and it will be selected by default)
2025-12-13 19:19:48 WARN  [restartedMain] org.hibernate.orm.deprecation - HHH90000026: MySQL8Dialect has been deprecated; use org.hibernate.dialect.MySQLDialect instead
2025-12-13 19:19:48 INFO  [restartedMain] o.hibernate.orm.connections.pooling - HHH10001005: Database info:
	Database JDBC URL [Connecting through datasource 'HikariDataSource (HikariPool-1)']
	Database driver: undefined/unknown
	Database version: 8.0
	Autocommit mode: undefined/unknown
	Isolation level: undefined/unknown
	Minimum pool size: undefined/unknown
	Maximum pool size: undefined/unknown
2025-12-13 19:19:49 INFO  [restartedMain] o.h.e.t.j.p.i.JtaPlatformInitiator - HHH000489: No JTA platform available (set 'hibernate.transaction.jta.platform' to enable JTA platform integration)
2025-12-13 19:19:49 INFO  [restartedMain] o.s.o.j.LocalContainerEntityManagerFactoryBean - Initialized JPA EntityManagerFactory for persistence unit 'default'
2025-12-13 19:19:49 INFO  [restartedMain] o.s.d.j.r.query.QueryEnhancerFactory - Hibernate is in classpath; If applicable, HQL parser will be used.
2025-12-13 19:19:51 WARN  [restartedMain] o.s.b.a.o.j.JpaBaseConfiguration$JpaWebConfiguration - spring.jpa.open-in-view is enabled by default. Therefore, database queries may be performed during view rendering. Explicitly configure spring.jpa.open-in-view to disable this warning
2025-12-13 19:19:51 INFO  [restartedMain] o.s.b.a.w.s.WelcomePageHandlerMapping - Adding welcome page: class path resource [static/index.html]
2025-12-13 19:19:52 INFO  [restartedMain] o.s.b.d.a.OptionalLiveReloadServer - LiveReload server is running on port 35729
2025-12-13 19:19:52 INFO  [restartedMain] o.s.b.w.e.tomcat.TomcatWebServer - Tomcat started on port 8080 (http) with context path '/'
2025-12-13 19:19:52 INFO  [restartedMain] c.l.LakshmiGarmentsApplication - Started LakshmiGarmentsApplication in 7.732 seconds (process running for 8.558)
2025-12-13 19:20:17 INFO  [http-nio-8080-exec-1] o.a.c.c.C.[Tomcat].[localhost].[/] - Initializing Spring DispatcherServlet 'dispatcherServlet'
2025-12-13 19:20:17 INFO  [http-nio-8080-exec-1] o.s.web.servlet.DispatcherServlet - Initializing Servlet 'dispatcherServlet'
2025-12-13 19:20:17 INFO  [http-nio-8080-exec-1] o.s.web.servlet.DispatcherServlet - Completed initialization in 1 ms
2025-12-13 19:20:17 INFO  [http-nio-8080-exec-1] c.l.controller.SupplierController - Received request to fetch all suppliers with search: null
2025-12-13 19:20:17 INFO  [http-nio-8080-exec-1] c.l.controller.SupplierController - Returning 3 supplier(s)
2025-12-13 19:20:34 INFO  [http-nio-8080-exec-5] c.l.controller.SupplierController - Received request to fetch all suppliers with search: null
2025-12-13 19:20:34 INFO  [http-nio-8080-exec-5] c.l.controller.SupplierController - Returning 3 supplier(s)
2025-12-13 19:21:05 INFO  [http-nio-8080-exec-2] c.l.controller.SupplierController - Received request to fetch all suppliers with search: null
2025-12-13 19:21:05 INFO  [http-nio-8080-exec-2] c.l.controller.SupplierController - Returning 3 supplier(s)
2025-12-13 19:22:07 INFO  [http-nio-8080-exec-3] c.l.controller.SupplierController - Received request to fetch all suppliers with search: null
2025-12-13 19:22:07 INFO  [http-nio-8080-exec-3] c.l.controller.SupplierController - Returning 3 supplier(s)
2025-12-13 19:23:20 INFO  [http-nio-8080-exec-4] c.l.controller.SupplierController - Received request to fetch all suppliers with search: null
2025-12-13 19:23:20 INFO  [http-nio-8080-exec-4] c.l.controller.SupplierController - Returning 3 supplier(s)
2025-12-13 19:24:44 INFO  [http-nio-8080-exec-7] c.l.controller.SupplierController - Received request to fetch all suppliers with search: null
2025-12-13 19:24:44 INFO  [http-nio-8080-exec-7] c.l.controller.SupplierController - Returning 3 supplier(s)
2025-12-13 19:25:12 INFO  [http-nio-8080-exec-10] c.l.controller.SupplierController - Received request to fetch all suppliers with search: null
2025-12-13 19:25:12 INFO  [http-nio-8080-exec-10] c.l.controller.SupplierController - Returning 3 supplier(s)
2025-12-13 19:25:13 INFO  [http-nio-8080-exec-1] c.l.controller.SupplierController - Received request to fetch all suppliers with search: null
2025-12-13 19:25:13 INFO  [http-nio-8080-exec-1] c.l.controller.SupplierController - Returning 3 supplier(s)
2025-12-13 19:32:42 INFO  [http-nio-8080-exec-2] c.l.controller.SupplierController - Received request to fetch all suppliers with search: null
2025-12-13 19:32:42 INFO  [http-nio-8080-exec-8] c.l.controller.TransportController - Received request to fetch all transports with search: null
2025-12-13 19:32:43 INFO  [http-nio-8080-exec-2] c.l.controller.SupplierController - Returning 3 supplier(s)
2025-12-13 19:32:43 INFO  [http-nio-8080-exec-8] c.l.controller.TransportController - Returning 2 transport(s)
2025-12-13 22:16:01 WARN  [HikariPool-1 housekeeper] com.zaxxer.hikari.pool.HikariPool - HikariPool-1 - Thread starvation or clock leap detected (housekeeper delta=2h25m54s299ms303µs199ns).
2025-12-13 22:28:10 INFO  [http-nio-8080-exec-4] c.l.controller.SupplierController - Received request to fetch all suppliers with search: null
2025-12-13 22:28:10 INFO  [http-nio-8080-exec-6] c.l.controller.TransportController - Received request to fetch all transports with search: null
2025-12-13 22:28:10 INFO  [http-nio-8080-exec-4] c.l.controller.SupplierController - Returning 3 supplier(s)
2025-12-13 22:28:10 INFO  [http-nio-8080-exec-6] c.l.controller.TransportController - Returning 2 transport(s)
2025-12-13 22:28:10 INFO  [http-nio-8080-exec-7] c.l.controller.SupplierController - Received request to fetch all suppliers with search: null
2025-12-13 22:28:10 INFO  [http-nio-8080-exec-10] c.l.controller.TransportController - Received request to fetch all transports with search: null
2025-12-13 22:28:10 INFO  [http-nio-8080-exec-7] c.l.controller.SupplierController - Returning 3 supplier(s)
2025-12-13 22:28:10 INFO  [http-nio-8080-exec-10] c.l.controller.TransportController - Returning 2 transport(s)
2025-12-13 22:28:58 INFO  [http-nio-8080-exec-1] c.l.controller.SupplierController - Received request to fetch all suppliers with search: null
2025-12-13 22:28:58 INFO  [http-nio-8080-exec-1] c.l.controller.SupplierController - Returning 3 supplier(s)
2025-12-13 22:28:58 INFO  [http-nio-8080-exec-5] c.l.controller.TransportController - Received request to fetch all transports with search: null
2025-12-13 22:28:58 INFO  [http-nio-8080-exec-5] c.l.controller.TransportController - Returning 2 transport(s)
2025-12-13 22:28:58 INFO  [http-nio-8080-exec-2] c.l.controller.SupplierController - Received request to fetch all suppliers with search: null
2025-12-13 22:28:58 INFO  [http-nio-8080-exec-2] c.l.controller.SupplierController - Returning 3 supplier(s)
2025-12-13 22:28:58 INFO  [http-nio-8080-exec-8] c.l.controller.TransportController - Received request to fetch all transports with search: null
2025-12-13 22:28:58 INFO  [http-nio-8080-exec-8] c.l.controller.TransportController - Returning 2 transport(s)
2025-12-13 22:34:53 INFO  [http-nio-8080-exec-6] c.l.controller.TransportController - Received request to fetch all transports with search: null
2025-12-13 22:34:53 INFO  [http-nio-8080-exec-4] c.l.controller.SupplierController - Received request to fetch all suppliers with search: null
2025-12-13 22:34:53 INFO  [http-nio-8080-exec-7] c.l.controller.CategoryController - Received request to fetch all categories with search: null
2025-12-13 22:34:53 INFO  [http-nio-8080-exec-6] c.l.controller.TransportController - Returning 2 transport(s)
2025-12-13 22:34:53 INFO  [http-nio-8080-exec-4] c.l.controller.SupplierController - Returning 3 supplier(s)
2025-12-13 22:34:53 INFO  [http-nio-8080-exec-7] c.l.controller.CategoryController - Returning 3 category(s)
2025-12-13 22:35:23 INFO  [http-nio-8080-exec-10] c.l.controller.SupplierController - Received request to fetch all suppliers with search: null
2025-12-13 22:35:23 INFO  [http-nio-8080-exec-1] c.l.controller.TransportController - Received request to fetch all transports with search: null
2025-12-13 22:35:23 INFO  [http-nio-8080-exec-5] c.l.controller.CategoryController - Received request to fetch all categories with search: null
2025-12-13 22:35:23 INFO  [http-nio-8080-exec-10] c.l.controller.SupplierController - Returning 3 supplier(s)
2025-12-13 22:35:23 INFO  [http-nio-8080-exec-1] c.l.controller.TransportController - Returning 2 transport(s)
2025-12-13 22:35:23 INFO  [http-nio-8080-exec-5] c.l.controller.CategoryController - Returning 3 category(s)
2025-12-13 22:35:24 INFO  [http-nio-8080-exec-2] c.l.controller.SupplierController - Received request to fetch all suppliers with search: null
2025-12-13 22:35:24 INFO  [http-nio-8080-exec-8] c.l.controller.TransportController - Received request to fetch all transports with search: null
2025-12-13 22:35:24 INFO  [http-nio-8080-exec-3] c.l.controller.CategoryController - Received request to fetch all categories with search: null
2025-12-13 22:35:24 INFO  [http-nio-8080-exec-2] c.l.controller.SupplierController - Returning 3 supplier(s)
2025-12-13 22:35:24 INFO  [http-nio-8080-exec-8] c.l.controller.TransportController - Returning 2 transport(s)
2025-12-13 22:35:24 INFO  [http-nio-8080-exec-3] c.l.controller.CategoryController - Returning 3 category(s)
2025-12-13 22:35:39 INFO  [http-nio-8080-exec-9] c.l.controller.SupplierController - Received request to fetch all suppliers with search: null
2025-12-13 22:35:39 INFO  [http-nio-8080-exec-6] c.l.controller.TransportController - Received request to fetch all transports with search: null
2025-12-13 22:35:39 INFO  [http-nio-8080-exec-4] c.l.controller.CategoryController - Received request to fetch all categories with search: null
2025-12-13 22:35:39 INFO  [http-nio-8080-exec-6] c.l.controller.TransportController - Returning 2 transport(s)
2025-12-13 22:35:39 INFO  [http-nio-8080-exec-9] c.l.controller.SupplierController - Returning 3 supplier(s)
2025-12-13 22:35:39 INFO  [http-nio-8080-exec-4] c.l.controller.CategoryController - Returning 3 category(s)
2025-12-13 22:38:18 INFO  [http-nio-8080-exec-5] c.l.controller.SupplierController - Received request to fetch all suppliers with search: null
2025-12-13 22:38:18 INFO  [http-nio-8080-exec-2] c.l.controller.TransportController - Received request to fetch all transports with search: null
2025-12-13 22:38:18 INFO  [http-nio-8080-exec-3] c.l.controller.CategoryController - Received request to fetch all categories with search: null
2025-12-13 22:38:18 INFO  [http-nio-8080-exec-2] c.l.controller.TransportController - Returning 2 transport(s)
2025-12-13 22:38:18 INFO  [http-nio-8080-exec-5] c.l.controller.SupplierController - Returning 3 supplier(s)
2025-12-13 22:38:18 INFO  [http-nio-8080-exec-3] c.l.controller.CategoryController - Returning 3 category(s)
2025-12-13 22:38:19 INFO  [http-nio-8080-exec-8] c.l.controller.SupplierController - Received request to fetch all suppliers with search: null
2025-12-13 22:38:19 INFO  [http-nio-8080-exec-6] c.l.controller.TransportController - Received request to fetch all transports with search: null
2025-12-13 22:38:19 INFO  [http-nio-8080-exec-9] c.l.controller.CategoryController - Received request to fetch all categories with search: null
2025-12-13 22:38:19 INFO  [http-nio-8080-exec-8] c.l.controller.SupplierController - Returning 3 supplier(s)
2025-12-13 22:38:19 INFO  [http-nio-8080-exec-6] c.l.controller.TransportController - Returning 2 transport(s)
2025-12-13 22:38:19 INFO  [http-nio-8080-exec-9] c.l.controller.CategoryController - Returning 3 category(s)
2025-12-13 22:38:29 INFO  [http-nio-8080-exec-4] c.l.controller.SupplierController - Received request to fetch all suppliers with search: null
2025-12-13 22:38:29 INFO  [http-nio-8080-exec-1] c.l.controller.TransportController - Received request to fetch all transports with search: null
2025-12-13 22:38:29 INFO  [http-nio-8080-exec-7] c.l.controller.CategoryController - Received request to fetch all categories with search: null
2025-12-13 22:38:29 INFO  [http-nio-8080-exec-4] c.l.controller.SupplierController - Returning 3 supplier(s)
2025-12-13 22:38:29 INFO  [http-nio-8080-exec-1] c.l.controller.TransportController - Returning 2 transport(s)
2025-12-13 22:38:29 INFO  [http-nio-8080-exec-7] c.l.controller.CategoryController - Returning 3 category(s)
2025-12-13 22:42:06 INFO  [http-nio-8080-exec-3] c.l.controller.SupplierController - Received request to fetch all suppliers with search: null
2025-12-13 22:42:06 INFO  [http-nio-8080-exec-8] c.l.controller.TransportController - Received request to fetch all transports with search: null
2025-12-13 22:42:06 INFO  [http-nio-8080-exec-6] c.l.controller.CategoryController - Received request to fetch all categories with search: null
2025-12-13 22:42:06 INFO  [http-nio-8080-exec-3] c.l.controller.SupplierController - Returning 3 supplier(s)
2025-12-13 22:42:06 INFO  [http-nio-8080-exec-8] c.l.controller.TransportController - Returning 2 transport(s)
2025-12-13 22:42:06 INFO  [http-nio-8080-exec-6] c.l.controller.CategoryController - Returning 3 category(s)
2025-12-13 22:42:06 INFO  [http-nio-8080-exec-9] c.l.controller.SubCategoryController - Received request to fetch all sub categories with search: null
2025-12-13 22:42:06 INFO  [http-nio-8080-exec-9] c.l.controller.SubCategoryController - Returning 2 sub category(s)
2025-12-13 22:42:07 INFO  [http-nio-8080-exec-4] c.l.controller.SupplierController - Received request to fetch all suppliers with search: null
2025-12-13 22:42:07 INFO  [http-nio-8080-exec-1] c.l.controller.TransportController - Received request to fetch all transports with search: null
2025-12-13 22:42:07 INFO  [http-nio-8080-exec-7] c.l.controller.CategoryController - Received request to fetch all categories with search: null
2025-12-13 22:42:07 INFO  [http-nio-8080-exec-4] c.l.controller.SupplierController - Returning 3 supplier(s)
2025-12-13 22:42:07 INFO  [http-nio-8080-exec-1] c.l.controller.TransportController - Returning 2 transport(s)
2025-12-13 22:42:07 INFO  [http-nio-8080-exec-7] c.l.controller.CategoryController - Returning 3 category(s)
2025-12-13 22:42:07 INFO  [http-nio-8080-exec-10] c.l.controller.SubCategoryController - Received request to fetch all sub categories with search: null
2025-12-13 22:42:07 INFO  [http-nio-8080-exec-10] c.l.controller.SubCategoryController - Returning 2 sub category(s)
